Active-HDL 10.1.3088.5434  2016-01-23 3:40:03 PM

Elaboration top modules:
Architecture                  arch(tofed)


---------------------------------------------------------------------------------------------
Entity   | Architecture | Library | Info | Compiler Version            | Compilation Options
---------------------------------------------------------------------------------------------
tofed    | arch         | tofed   |      | 10.1.3088.5434  (Windows64) | -O3
---------------------------------------------------------------------------------------------

---------------------------------------------------------------------------------------------
VHDL Package            | Library | Info | Compiler Version            | Compilation Options
---------------------------------------------------------------------------------------------
standard                | std     |      |                             | <unavailable>
TEXTIO                  | std     |      | 10.1.3088.5434  (Windows64) |  -2008
std_logic_1164          | ieee    |      | 10.1.3088.5434  (Windows64) |  -2008
---------------------------------------------------------------------------------------------

---------------------------------------------------------------------------------------------
Library                 | Comment
---------------------------------------------------------------------------------------------
ieee                    | Standard IEEE packages library
std                     | Standard VHDL library
tofed                   | None
---------------------------------------------------------------------------------------------


Simulation Options: asim -O5 +access +r +m+tofed tofed arch

